# JRE version: Java(TM) SE Runtime Environment (17.0.12+8) (build 17.0.12+8-LTS-286)
# Java VM: Java HotSpot(TM) 64-Bit Server VM (17.0.12+8-LTS-286, mixed mode, sharing, tiered, compressed oops, compressed class ptrs, g1 gc, windows-amd64)
GC Precious Log:
 CPUs: 2 total, 2 available
 Memory: 16383M
 Large Page Support: Disabled
 NUMA Support: Disabled
 Compressed Oops: Enabled (Zero based)
 Heap Region Size: 2M
 Heap Min Capacity: 8M
 Heap Initial Capacity: 256M
 Heap Max Capacity: 4G
 Pre-touch: Disabled
 Parallel Workers: 2
 Concurrent Workers: 1
 Concurrent Refinement Workers: 2
 Periodic GC: Disabled
Heap:
 garbage-first heap   total 595968K, used 270515K [0x0000000700000000, 0x0000000800000000)
  region size 2048K, 33 young (67584K), 14 survivors (28672K)
 Metaspace       used 152540K, committed 153856K, reserved 1048576K
  class space    used 19365K, committed 19968K, reserved 851968K
GC Heap History (20 events):
Event: 220.227 GC heap before
{Heap before GC invocations=48 (full 0):
 garbage-first heap   total 333824K, used 271467K [0x0000000700000000, 0x0000000800000000)
  region size 2048K, 51 young (104448K), 5 survivors (10240K)
 Metaspace       used 147423K, committed 148416K, reserved 983040K
  class space    used 18899K, committed 19392K, reserved 851968K
}
Event: 220.273 GC heap after
{Heap after GC invocations=49 (full 0):
 garbage-first heap   total 333824K, used 185532K [0x0000000700000000, 0x0000000800000000)
  region size 2048K, 5 young (10240K), 5 survivors (10240K)
 Metaspace       used 147423K, committed 148416K, reserved 983040K
  class space    used 18899K, committed 19392K, reserved 851968K
}
Event: 234.527 GC heap before
{Heap before GC invocations=49 (full 0):
 garbage-first heap   total 333824K, used 273596K [0x0000000700000000, 0x0000000800000000)
  region size 2048K, 48 young (98304K), 5 survivors (10240K)
 Metaspace       used 148332K, committed 149504K, reserved 983040K
  class space    used 18993K, committed 19584K, reserved 851968K
}
Event: 234.556 GC heap after
{Heap after GC invocations=50 (full 0):
 garbage-first heap   total 333824K, used 186740K [0x0000000700000000, 0x0000000800000000)
  region size 2048K, 2 young (4096K), 2 survivors (4096K)
 Metaspace       used 148332K, committed 149504K, reserved 983040K
  class space    used 18993K, committed 19584K, reserved 851968K
}
Event: 237.150 GC heap before
{Heap before GC invocations=50 (full 0):
 garbage-first heap   total 333824K, used 276852K [0x0000000700000000, 0x0000000800000000)
  region size 2048K, 46 young (94208K), 2 survivors (4096K)
 Metaspace       used 148724K, committed 149888K, reserved 983040K
  class space    used 19011K, committed 19584K, reserved 851968K
}
Event: 237.195 GC heap after
{Heap after GC invocations=51 (full 0):
 garbage-first heap   total 333824K, used 197902K [0x0000000700000000, 0x0000000800000000)
  region size 2048K, 6 young (12288K), 6 survivors (12288K)
 Metaspace       used 148724K, committed 149888K, reserved 983040K
  class space    used 19011K, committed 19584K, reserved 851968K
}
Event: 239.188 GC heap before
{Heap before GC invocations=51 (full 0):
 garbage-first heap   total 333824K, used 275726K [0x0000000700000000, 0x0000000800000000)
  region size 2048K, 44 young (90112K), 6 survivors (12288K)
 Metaspace       used 148780K, committed 149952K, reserved 983040K
  class space    used 19012K, committed 19584K, reserved 851968K
}
Event: 239.244 GC heap after
{Heap after GC invocations=52 (full 0):
 garbage-first heap   total 333824K, used 207777K [0x0000000700000000, 0x0000000800000000)
  region size 2048K, 5 young (10240K), 5 survivors (10240K)
 Metaspace       used 148780K, committed 149952K, reserved 983040K
  class space    used 19012K, committed 19584K, reserved 851968K
}
Event: 421.758 GC heap before
{Heap before GC invocations=52 (full 0):
 garbage-first heap   total 333824K, used 275361K [0x0000000700000000, 0x0000000800000000)
  region size 2048K, 38 young (77824K), 5 survivors (10240K)
 Metaspace       used 148974K, committed 150080K, reserved 983040K
  class space    used 19022K, committed 19584K, reserved 851968K
}
Event: 421.802 GC heap after
{Heap after GC invocations=53 (full 0):
 garbage-first heap   total 333824K, used 213975K [0x0000000700000000, 0x0000000800000000)
  region size 2048K, 4 young (8192K), 4 survivors (8192K)
 Metaspace       used 148974K, committed 150080K, reserved 983040K
  class space    used 19022K, committed 19584K, reserved 851968K
}
Event: 424.034 GC heap before
{Heap before GC invocations=54 (full 0):
 garbage-first heap   total 358400K, used 273367K [0x0000000700000000, 0x0000000800000000)
  region size 2048K, 34 young (69632K), 4 survivors (8192K)
 Metaspace       used 149251K, committed 150464K, reserved 1048576K
  class space    used 19037K, committed 19648K, reserved 851968K
}
Event: 424.071 GC heap after
{Heap after GC invocations=55 (full 0):
 garbage-first heap   total 358400K, used 220005K [0x0000000700000000, 0x0000000800000000)
  region size 2048K, 4 young (8192K), 4 survivors (8192K)
 Metaspace       used 149251K, committed 150464K, reserved 1048576K
  class space    used 19037K, committed 19648K, reserved 851968K
}
Event: 424.275 GC heap before
{Heap before GC invocations=55 (full 0):
 garbage-first heap   total 358400K, used 228197K [0x0000000700000000, 0x0000000800000000)
  region size 2048K, 8 young (16384K), 4 survivors (8192K)
 Metaspace       used 149251K, committed 150464K, reserved 1048576K
  class space    used 19037K, committed 19648K, reserved 851968K
}
Event: 424.324 GC heap after
{Heap after GC invocations=56 (full 0):
 garbage-first heap   total 358400K, used 191118K [0x0000000700000000, 0x0000000800000000)
  region size 2048K, 1 young (2048K), 1 survivors (2048K)
 Metaspace       used 149251K, committed 150464K, reserved 1048576K
  class space    used 19037K, committed 19648K, reserved 851968K
}
Event: 424.590 GC heap before
{Heap before GC invocations=56 (full 0):
 garbage-first heap   total 358400K, used 205454K [0x0000000700000000, 0x0000000800000000)
  region size 2048K, 8 young (16384K), 1 survivors (2048K)
 Metaspace       used 149252K, committed 150464K, reserved 1048576K
  class space    used 19037K, committed 19648K, reserved 851968K
}
Event: 424.625 GC heap after
{Heap after GC invocations=57 (full 0):
 garbage-first heap   total 595968K, used 189440K [0x0000000700000000, 0x0000000800000000)
  region size 2048K, 1 young (2048K), 1 survivors (2048K)
 Metaspace       used 149252K, committed 150464K, reserved 1048576K
  class space    used 19037K, committed 19648K, reserved 851968K
}
Event: 466.292 GC heap before
{Heap before GC invocations=57 (full 0):
 garbage-first heap   total 595968K, used 465920K [0x0000000700000000, 0x0000000800000000)
  region size 2048K, 136 young (278528K), 1 survivors (2048K)
 Metaspace       used 149916K, committed 151168K, reserved 1048576K
  class space    used 19087K, committed 19712K, reserved 851968K
}
Event: 466.355 GC heap after
{Heap after GC invocations=58 (full 0):
 garbage-first heap   total 595968K, used 208781K [0x0000000700000000, 0x0000000800000000)
  region size 2048K, 11 young (22528K), 11 survivors (22528K)
 Metaspace       used 149916K, committed 151168K, reserved 1048576K
  class space    used 19087K, committed 19712K, reserved 851968K
}
Event: 544.676 GC heap before
{Heap before GC invocations=58 (full 0):
 garbage-first heap   total 595968K, used 458637K [0x0000000700000000, 0x0000000800000000)
  region size 2048K, 134 young (274432K), 11 survivors (22528K)
 Metaspace       used 150411K, committed 151744K, reserved 1048576K
  class space    used 19132K, committed 19776K, reserved 851968K
}
Event: 544.830 GC heap after
{Heap after GC invocations=59 (full 0):
 garbage-first heap   total 595968K, used 235699K [0x0000000700000000, 0x0000000800000000)
  region size 2048K, 14 young (28672K), 14 survivors (28672K)
 Metaspace       used 150411K, committed 151744K, reserved 1048576K
  class space    used 19132K, committed 19776K, reserved 851968K
}

