# JRE version: Java(TM) SE Runtime Environment (17.0.12+8) (build 17.0.12+8-LTS-286)
# Java VM: Java HotSpot(TM) 64-Bit Server VM (17.0.12+8-LTS-286, mixed mode, sharing, tiered, compressed oops, compressed class ptrs, parallel gc, windows-amd64)
GC Precious Log:
 CPUs: 12 total, 12 available
 Memory: 16252M
 Large Page Support: Disabled
 NUMA Support: Disabled
 Compressed Oops: Enabled (Zero based)
 Alignments: Space 512K, Generation 512K, Heap 2M
 Heap Min Capacity: 8M
 Heap Initial Capacity: 254M
 Heap Max Capacity: 4G
 Pre-touch: Disabled
 Parallel Workers: 10
Heap:
 PSYoungGen      total 741888K, used 4875K [0x00000007aab00000, 0x00000007dbe00000, 0x0000000800000000)
  eden space 681984K, 0% used [0x00000007aab00000,0x00000007aab00000,0x00000007d4500000)
  from space 59904K, 8% used [0x00000007d8380000,0x00000007d8842fb8,0x00000007dbe00000)
  to   space 41472K, 0% used [0x00000007d4500000,0x00000007d4500000,0x00000007d6d80000)
 ParOldGen       total 398848K, used 319785K [0x0000000700000000, 0x0000000718580000, 0x00000007aab00000)
  object space 398848K, 80% used [0x0000000700000000,0x000000071384a6b0,0x0000000718580000)
 Metaspace       used 196080K, committed 197312K, reserved 1245184K
  class space    used 24449K, committed 25088K, reserved 1048576K
GC Heap History (20 events):
Event: 357.628 GC heap before
{Heap before GC invocations=60 (full 6):
 PSYoungGen      total 430592K, used 420544K [0x00000007aab00000, 0x00000007cb180000, 0x0000000800000000)
  eden space 393216K, 100% used [0x00000007aab00000,0x00000007c2b00000,0x00000007c2b00000)
  from space 37376K, 73% used [0x00000007c2b00000,0x00000007c45b0030,0x00000007c4f80000)
  to   space 39424K, 0% used [0x00000007c8b00000,0x00000007c8b00000,0x00000007cb180000)
 ParOldGen       total 397312K, used 364028K [0x0000000700000000, 0x0000000718400000, 0x00000007aab00000)
  object space 397312K, 91% used [0x0000000700000000,0x000000071637f3a8,0x0000000718400000)
 Metaspace       used 195253K, committed 196480K, reserved 1245184K
  class space    used 24412K, committed 25024K, reserved 1048576K
}
Event: 357.646 GC heap after
{Heap after GC invocations=60 (full 6):
 PSYoungGen      total 489472K, used 10480K [0x00000007aab00000, 0x00000007caf80000, 0x0000000800000000)
  eden space 452096K, 0% used [0x00000007aab00000,0x00000007aab00000,0x00000007c6480000)
  from space 37376K, 28% used [0x00000007c8b00000,0x00000007c953c080,0x00000007caf80000)
  to   space 38400K, 0% used [0x00000007c6480000,0x00000007c6480000,0x00000007c8a00000)
 ParOldGen       total 397312K, used 388369K [0x0000000700000000, 0x0000000718400000, 0x00000007aab00000)
  object space 397312K, 97% used [0x0000000700000000,0x0000000717b44518,0x0000000718400000)
 Metaspace       used 195253K, committed 196480K, reserved 1245184K
  class space    used 24412K, committed 25024K, reserved 1048576K
}
Event: 357.646 GC heap before
{Heap before GC invocations=61 (full 7):
 PSYoungGen      total 489472K, used 10480K [0x00000007aab00000, 0x00000007caf80000, 0x0000000800000000)
  eden space 452096K, 0% used [0x00000007aab00000,0x00000007aab00000,0x00000007c6480000)
  from space 37376K, 28% used [0x00000007c8b00000,0x00000007c953c080,0x00000007caf80000)
  to   space 38400K, 0% used [0x00000007c6480000,0x00000007c6480000,0x00000007c8a00000)
 ParOldGen       total 397312K, used 388369K [0x0000000700000000, 0x0000000718400000, 0x00000007aab00000)
  object space 397312K, 97% used [0x0000000700000000,0x0000000717b44518,0x0000000718400000)
 Metaspace       used 195253K, committed 196480K, reserved 1245184K
  class space    used 24412K, committed 25024K, reserved 1048576K
}
Event: 357.796 GC heap after
{Heap after GC invocations=61 (full 7):
 PSYoungGen      total 490496K, used 0K [0x00000007aab00000, 0x00000007cf800000, 0x0000000800000000)
  eden space 452096K, 0% used [0x00000007aab00000,0x00000007aab00000,0x00000007c6480000)
  from space 38400K, 0% used [0x00000007c6480000,0x00000007c6480000,0x00000007c8a00000)
  to   space 38400K, 0% used [0x00000007cd280000,0x00000007cd280000,0x00000007cf800000)
 ParOldGen       total 398848K, used 229932K [0x0000000700000000, 0x0000000718580000, 0x00000007aab00000)
  object space 398848K, 57% used [0x0000000700000000,0x000000070e08b2f0,0x0000000718580000)
 Metaspace       used 194956K, committed 196352K, reserved 1245184K
  class space    used 24386K, committed 25024K, reserved 1048576K
}
Event: 358.622 GC heap before
{Heap before GC invocations=62 (full 7):
 PSYoungGen      total 490496K, used 452096K [0x00000007aab00000, 0x00000007cf800000, 0x0000000800000000)
  eden space 452096K, 100% used [0x00000007aab00000,0x00000007c6480000,0x00000007c6480000)
  from space 38400K, 0% used [0x00000007c6480000,0x00000007c6480000,0x00000007c8a00000)
  to   space 38400K, 0% used [0x00000007cd280000,0x00000007cd280000,0x00000007cf800000)
 ParOldGen       total 398848K, used 229942K [0x0000000700000000, 0x0000000718580000, 0x00000007aab00000)
  object space 398848K, 57% used [0x0000000700000000,0x000000070e08db78,0x0000000718580000)
 Metaspace       used 194963K, committed 196352K, reserved 1245184K
  class space    used 24387K, committed 25024K, reserved 1048576K
}
Event: 358.630 GC heap after
{Heap after GC invocations=62 (full 7):
 PSYoungGen      total 556544K, used 11872K [0x00000007aab00000, 0x00000007cf280000, 0x0000000800000000)
  eden space 523776K, 0% used [0x00000007aab00000,0x00000007aab00000,0x00000007caa80000)
  from space 32768K, 36% used [0x00000007cd280000,0x00000007cde18050,0x00000007cf280000)
  to   space 36864K, 0% used [0x00000007caa80000,0x00000007caa80000,0x00000007cce80000)
 ParOldGen       total 398848K, used 229942K [0x0000000700000000, 0x0000000718580000, 0x00000007aab00000)
  object space 398848K, 57% used [0x0000000700000000,0x000000070e08db78,0x0000000718580000)
 Metaspace       used 194963K, committed 196352K, reserved 1245184K
  class space    used 24387K, committed 25024K, reserved 1048576K
}
Event: 359.488 GC heap before
{Heap before GC invocations=63 (full 7):
 PSYoungGen      total 556544K, used 535648K [0x00000007aab00000, 0x00000007cf280000, 0x0000000800000000)
  eden space 523776K, 100% used [0x00000007aab00000,0x00000007caa80000,0x00000007caa80000)
  from space 32768K, 36% used [0x00000007cd280000,0x00000007cde18050,0x00000007cf280000)
  to   space 36864K, 0% used [0x00000007caa80000,0x00000007caa80000,0x00000007cce80000)
 ParOldGen       total 398848K, used 229942K [0x0000000700000000, 0x0000000718580000, 0x00000007aab00000)
  object space 398848K, 57% used [0x0000000700000000,0x000000070e08dbd0,0x0000000718580000)
 Metaspace       used 194980K, committed 196352K, reserved 1245184K
  class space    used 24387K, committed 25024K, reserved 1048576K
}
Event: 359.498 GC heap after
{Heap after GC invocations=63 (full 7):
 PSYoungGen      total 535040K, used 10976K [0x00000007aab00000, 0x00000007cef80000, 0x0000000800000000)
  eden space 523776K, 0% used [0x00000007aab00000,0x00000007aab00000,0x00000007caa80000)
  from space 11264K, 97% used [0x00000007caa80000,0x00000007cb538040,0x00000007cb580000)
  to   space 35328K, 0% used [0x00000007ccd00000,0x00000007ccd00000,0x00000007cef80000)
 ParOldGen       total 398848K, used 239897K [0x0000000700000000, 0x0000000718580000, 0x00000007aab00000)
  object space 398848K, 60% used [0x0000000700000000,0x000000070ea46428,0x0000000718580000)
 Metaspace       used 194980K, committed 196352K, reserved 1245184K
  class space    used 24387K, committed 25024K, reserved 1048576K
}
Event: 360.408 GC heap before
{Heap before GC invocations=64 (full 7):
 PSYoungGen      total 535040K, used 534752K [0x00000007aab00000, 0x00000007cef80000, 0x0000000800000000)
  eden space 523776K, 100% used [0x00000007aab00000,0x00000007caa80000,0x00000007caa80000)
  from space 11264K, 97% used [0x00000007caa80000,0x00000007cb538040,0x00000007cb580000)
  to   space 35328K, 0% used [0x00000007ccd00000,0x00000007ccd00000,0x00000007cef80000)
 ParOldGen       total 398848K, used 239916K [0x0000000700000000, 0x0000000718580000, 0x00000007aab00000)
  object space 398848K, 60% used [0x0000000700000000,0x000000070ea4b028,0x0000000718580000)
 Metaspace       used 195004K, committed 196352K, reserved 1245184K
  class space    used 24389K, committed 25024K, reserved 1048576K
}
Event: 360.418 GC heap after
{Heap after GC invocations=64 (full 7):
 PSYoungGen      total 560128K, used 11360K [0x00000007aab00000, 0x00000007d3c00000, 0x0000000800000000)
  eden space 524800K, 0% used [0x00000007aab00000,0x00000007aab00000,0x00000007cab80000)
  from space 35328K, 32% used [0x00000007ccd00000,0x00000007cd818060,0x00000007cef80000)
  to   space 34304K, 0% used [0x00000007cab80000,0x00000007cab80000,0x00000007ccd00000)
 ParOldGen       total 398848K, used 248004K [0x0000000700000000, 0x0000000718580000, 0x00000007aab00000)
  object space 398848K, 62% used [0x0000000700000000,0x000000070f231128,0x0000000718580000)
 Metaspace       used 195004K, committed 196352K, reserved 1245184K
  class space    used 24389K, committed 25024K, reserved 1048576K
}
Event: 361.071 GC heap before
{Heap before GC invocations=65 (full 7):
 PSYoungGen      total 560128K, used 536160K [0x00000007aab00000, 0x00000007d3c00000, 0x0000000800000000)
  eden space 524800K, 100% used [0x00000007aab00000,0x00000007cab80000,0x00000007cab80000)
  from space 35328K, 32% used [0x00000007ccd00000,0x00000007cd818060,0x00000007cef80000)
  to   space 34304K, 0% used [0x00000007cab80000,0x00000007cab80000,0x00000007ccd00000)
 ParOldGen       total 398848K, used 248004K [0x0000000700000000, 0x0000000718580000, 0x00000007aab00000)
  object space 398848K, 62% used [0x0000000700000000,0x000000070f231128,0x0000000718580000)
 Metaspace       used 195005K, committed 196352K, reserved 1245184K
  class space    used 24389K, committed 25024K, reserved 1048576K
}
Event: 361.079 GC heap after
{Heap after GC invocations=65 (full 7):
 PSYoungGen      total 559104K, used 8544K [0x00000007aab00000, 0x00000007d3a80000, 0x0000000800000000)
  eden space 524800K, 0% used [0x00000007aab00000,0x00000007aab00000,0x00000007cab80000)
  from space 34304K, 24% used [0x00000007cab80000,0x00000007cb3d8060,0x00000007ccd00000)
  to   space 33280K, 0% used [0x00000007d1a00000,0x00000007d1a00000,0x00000007d3a80000)
 ParOldGen       total 398848K, used 257256K [0x0000000700000000, 0x0000000718580000, 0x00000007aab00000)
  object space 398848K, 64% used [0x0000000700000000,0x000000070fb3a1e8,0x0000000718580000)
 Metaspace       used 195005K, committed 196352K, reserved 1245184K
  class space    used 24389K, committed 25024K, reserved 1048576K
}
Event: 361.763 GC heap before
{Heap before GC invocations=66 (full 7):
 PSYoungGen      total 559104K, used 533344K [0x00000007aab00000, 0x00000007d3a80000, 0x0000000800000000)
  eden space 524800K, 100% used [0x00000007aab00000,0x00000007cab80000,0x00000007cab80000)
  from space 34304K, 24% used [0x00000007cab80000,0x00000007cb3d8060,0x00000007ccd00000)
  to   space 33280K, 0% used [0x00000007d1a00000,0x00000007d1a00000,0x00000007d3a80000)
 ParOldGen       total 398848K, used 257256K [0x0000000700000000, 0x0000000718580000, 0x00000007aab00000)
  object space 398848K, 64% used [0x0000000700000000,0x000000070fb3a1e8,0x0000000718580000)
 Metaspace       used 195020K, committed 196352K, reserved 1245184K
  class space    used 24389K, committed 25024K, reserved 1048576K
}
Event: 361.771 GC heap after
{Heap after GC invocations=66 (full 7):
 PSYoungGen      total 633856K, used 9712K [0x00000007aab00000, 0x00000007d3780000, 0x0000000800000000)
  eden space 603648K, 0% used [0x00000007aab00000,0x00000007aab00000,0x00000007cf880000)
  from space 30208K, 32% used [0x00000007d1a00000,0x00000007d237c0b0,0x00000007d3780000)
  to   space 32256K, 0% used [0x00000007cf880000,0x00000007cf880000,0x00000007d1800000)
 ParOldGen       total 398848K, used 263514K [0x0000000700000000, 0x0000000718580000, 0x00000007aab00000)
  object space 398848K, 66% used [0x0000000700000000,0x0000000710156bb0,0x0000000718580000)
 Metaspace       used 195020K, committed 196352K, reserved 1245184K
  class space    used 24389K, committed 25024K, reserved 1048576K
}
Event: 362.721 GC heap before
{Heap before GC invocations=67 (full 7):
 PSYoungGen      total 633856K, used 613360K [0x00000007aab00000, 0x00000007d3780000, 0x0000000800000000)
  eden space 603648K, 100% used [0x00000007aab00000,0x00000007cf880000,0x00000007cf880000)
  from space 30208K, 32% used [0x00000007d1a00000,0x00000007d237c0b0,0x00000007d3780000)
  to   space 32256K, 0% used [0x00000007cf880000,0x00000007cf880000,0x00000007d1800000)
 ParOldGen       total 398848K, used 263514K [0x0000000700000000, 0x0000000718580000, 0x00000007aab00000)
  object space 398848K, 66% used [0x0000000700000000,0x0000000710156bb0,0x0000000718580000)
 Metaspace       used 195020K, committed 196352K, reserved 1245184K
  class space    used 24389K, committed 25024K, reserved 1048576K
}
Event: 362.741 GC heap after
{Heap after GC invocations=67 (full 7):
 PSYoungGen      total 635904K, used 11088K [0x00000007aab00000, 0x00000007d8b80000, 0x0000000800000000)
  eden space 603648K, 0% used [0x00000007aab00000,0x00000007aab00000,0x00000007cf880000)
  from space 32256K, 34% used [0x00000007cf880000,0x00000007d0354130,0x00000007d1800000)
  to   space 30720K, 0% used [0x00000007d6d80000,0x00000007d6d80000,0x00000007d8b80000)
 ParOldGen       total 398848K, used 270592K [0x0000000700000000, 0x0000000718580000, 0x00000007aab00000)
  object space 398848K, 67% used [0x0000000700000000,0x00000007108402e8,0x0000000718580000)
 Metaspace       used 195020K, committed 196352K, reserved 1245184K
  class space    used 24389K, committed 25024K, reserved 1048576K
}
Event: 371.618 GC heap before
{Heap before GC invocations=68 (full 7):
 PSYoungGen      total 635904K, used 614736K [0x00000007aab00000, 0x00000007d8b80000, 0x0000000800000000)
  eden space 603648K, 100% used [0x00000007aab00000,0x00000007cf880000,0x00000007cf880000)
  from space 32256K, 34% used [0x00000007cf880000,0x00000007d0354130,0x00000007d1800000)
  to   space 30720K, 0% used [0x00000007d6d80000,0x00000007d6d80000,0x00000007d8b80000)
 ParOldGen       total 398848K, used 270592K [0x0000000700000000, 0x0000000718580000, 0x00000007aab00000)
  object space 398848K, 67% used [0x0000000700000000,0x00000007108402e8,0x0000000718580000)
 Metaspace       used 196006K, committed 197248K, reserved 1245184K
  class space    used 24445K, committed 25088K, reserved 1048576K
}
Event: 371.645 GC heap after
{Heap after GC invocations=68 (full 7):
 PSYoungGen      total 712704K, used 30717K [0x00000007aab00000, 0x00000007d9a00000, 0x0000000800000000)
  eden space 681984K, 0% used [0x00000007aab00000,0x00000007aab00000,0x00000007d4500000)
  from space 30720K, 99% used [0x00000007d6d80000,0x00000007d8b7f530,0x00000007d8b80000)
  to   space 41472K, 0% used [0x00000007d4500000,0x00000007d4500000,0x00000007d6d80000)
 ParOldGen       total 398848K, used 286957K [0x0000000700000000, 0x0000000718580000, 0x00000007aab00000)
  object space 398848K, 71% used [0x0000000700000000,0x000000071183b7d0,0x0000000718580000)
 Metaspace       used 196006K, committed 197248K, reserved 1245184K
  class space    used 24445K, committed 25088K, reserved 1048576K
}
Event: 372.846 GC heap before
{Heap before GC invocations=69 (full 7):
 PSYoungGen      total 712704K, used 712701K [0x00000007aab00000, 0x00000007d9a00000, 0x0000000800000000)
  eden space 681984K, 100% used [0x00000007aab00000,0x00000007d4500000,0x00000007d4500000)
  from space 30720K, 99% used [0x00000007d6d80000,0x00000007d8b7f530,0x00000007d8b80000)
  to   space 41472K, 0% used [0x00000007d4500000,0x00000007d4500000,0x00000007d6d80000)
 ParOldGen       total 398848K, used 287048K [0x0000000700000000, 0x0000000718580000, 0x00000007aab00000)
  object space 398848K, 71% used [0x0000000700000000,0x0000000711852018,0x0000000718580000)
 Metaspace       used 196037K, committed 197248K, reserved 1245184K
  class space    used 24448K, committed 25088K, reserved 1048576K
}
Event: 372.892 GC heap after
{Heap after GC invocations=69 (full 7):
 PSYoungGen      total 723456K, used 41461K [0x00000007aab00000, 0x00000007dbe00000, 0x0000000800000000)
  eden space 681984K, 0% used [0x00000007aab00000,0x00000007aab00000,0x00000007d4500000)
  from space 41472K, 99% used [0x00000007d4500000,0x00000007d6d7d718,0x00000007d6d80000)
  to   space 59904K, 0% used [0x00000007d8380000,0x00000007d8380000,0x00000007dbe00000)
 ParOldGen       total 398848K, used 319102K [0x0000000700000000, 0x0000000718580000, 0x00000007aab00000)
  object space 398848K, 80% used [0x0000000700000000,0x000000071379f948,0x0000000718580000)
 Metaspace       used 196037K, committed 197248K, reserved 1245184K
  class space    used 24448K, committed 25088K, reserved 1048576K
}

